
> sl-recruitment-frontend@0.1.0 dev
> next dev

  ▲ Next.js 14.2.35
  - Local:        http://localhost:3002
  - Environments: .env.local

 ✓ Starting...
 ✓ Ready in 1170ms
 ✓ Compiled /middleware in 123ms (72 modules)
 ○ Compiling / ...
 ✓ Compiled / in 730ms (487 modules)
 GET / 200 in 883ms
 ✓ Compiled in 1153ms (257 modules)
 GET / 200 in 70ms
 ✓ Compiled /login in 421ms (503 modules)
 ✓ Compiled /apply in 126ms (511 modules)
 ✓ Compiled /apply/[opening_code] in 204ms (588 modules)
 ✓ Compiled /api/apply/[opening_code] in 106ms (340 modules)
 GET /recruitment/api/apply/SRAR-7B6B 200 in 342ms
 GET /apply/SRAR-7B6B?_rsc=8cay3 200 in 369ms
 ✓ Compiled in 248ms (630 modules)
 GET /recruitment/api/apply/SRAR-7B6B 200 in 14ms
 GET /apply/SRAR-7B6B?_rsc=byorv 200 in 51ms
 POST /recruitment/api/apply/SRAR-7B6B 201 in 1163ms
 ✓ Compiled /api/rec/events in 105ms (336 modules)
 GET /recruitment/api/rec/events?limit=10 200 in 200ms
 ✓ Compiled /candidates in 307ms (677 modules)
 ✓ Compiled /api/rec/openings in 105ms (377 modules)
 ✓ Compiled (379 modules)
 GET /recruitment/api/rec/openings 200 in 321ms
 GET /recruitment/api/rec/candidates 200 in 335ms
 GET /candidates?_rsc=1osyv 200 in 362ms
 ✓ Compiled /api/rec/events/stream in 72ms (381 modules)
 GET /recruitment/api/rec/candidates?status=new&status=enquiry&status=in_process&status=offer 200 in 60ms
 GET /recruitment/api/rec/candidates?status=new&status=enquiry&status=in_process&status=offer 200 in 68ms
 GET /recruitment/api/rec/events?limit=10 200 in 39ms
 ✓ Compiled /candidates/[id] in 190ms (702 modules)
 ✓ Compiled /api/rec/candidates/[id]/full in 56ms (394 modules)
 ✓ Compiled (396 modules)
 GET /recruitment/api/auth/me 200 in 224ms
 GET /recruitment/api/rec/candidates/36/full 200 in 421ms
 GET /candidates/36?_rsc=eodsd 200 in 438ms
 GET /recruitment/api/rec/events/stream 200 in 1984ms
 GET /recruitment/api/rec/events/stream 200 in 1987ms
 ✓ Compiled /api/rec/candidates/[id]/sprints in 64ms (398 modules)
 ✓ Compiled (402 modules)
 GET /recruitment/api/rec/interviews?candidate_id=36 200 in 274ms
 GET /recruitment/api/rec/interviews?candidate_id=36 200 in 275ms
 GET /recruitment/api/rec/interviews?candidate_id=36 200 in 42ms
 GET /recruitment/api/rec/candidates/36/offers 200 in 596ms
 GET /recruitment/api/rec/candidates/36/offers 200 in 597ms
 GET /recruitment/api/rec/candidates/36/sprints 200 in 665ms
 GET /recruitment/api/rec/candidates/36/offers 200 in 348ms
 GET /recruitment/api/rec/candidates/36/sprints 200 in 396ms
 GET /recruitment/api/rec/candidates/36/sprints 200 in 678ms
 GET /recruitment/api/rec/interviews?candidate_id=36 200 in 78ms
 GET /recruitment/api/rec/candidates/36/sprints 200 in 114ms
 GET /recruitment/api/rec/candidates/36/offers 200 in 49ms
 ✓ Compiled /api/rec/candidates/[id] in 116ms (404 modules)
 DELETE /recruitment/api/rec/candidates/36 500 in 370ms
 GET /recruitment/api/auth/me 200 in 80ms
 GET /recruitment/api/rec/candidates 200 in 90ms
 GET /recruitment/api/rec/openings 200 in 101ms
 GET /candidates?_rsc=1sfcp 200 in 127ms
 GET /recruitment/api/rec/events/stream 200 in 3887ms
 GET /recruitment/api/rec/events/stream 200 in 3888ms
 GET /recruitment/api/rec/candidates?status=new&status=enquiry&status=in_process&status=offer 200 in 68ms
 GET /recruitment/api/rec/candidates?status=new&status=enquiry&status=in_process&status=offer 200 in 69ms
 GET /recruitment/api/rec/events?limit=10 200 in 47ms
 GET /recruitment/api/rec/events?limit=10 200 in 55ms
 GET /recruitment/api/rec/events?limit=10 200 in 55ms
 GET /recruitment/api/rec/events?limit=10 200 in 45ms
 GET /recruitment/api/rec/events?limit=10 200 in 49ms
 GET /recruitment/api/rec/events?limit=10 200 in 62ms
 GET /recruitment/api/rec/events?limit=10 200 in 51ms
 GET /recruitment/api/rec/events?limit=10 200 in 65ms
 GET /recruitment/api/rec/events?limit=10 200 in 50ms
 GET /recruitment/api/rec/events?limit=10 200 in 46ms
 GET /recruitment/api/rec/events?limit=10 200 in 99ms
 GET /recruitment/api/auth/me 200 in 150ms
 GET /recruitment/api/rec/candidates 200 in 170ms
 GET /recruitment/api/rec/openings 200 in 264ms
 GET /recruitment/api/rec/events/stream 200 in 1570002ms
 GET /recruitment/api/rec/events/stream 200 in 1570004ms
 GET /candidates 200 in 362ms
 GET /recruitment/api/auth/me 200 in 146ms
 GET /recruitment/api/auth/me 200 in 154ms
 GET /recruitment/api/rec/events?limit=10 200 in 199ms
 GET /recruitment/api/rec/events?limit=10 200 in 199ms
 GET /recruitment/api/rec/candidates?status=new&status=enquiry&status=in_process&status=offer 200 in 102ms
 GET /recruitment/api/rec/candidates?status=new&status=enquiry&status=in_process&status=offer 200 in 104ms
 GET /recruitment/api/rec/events?limit=10 200 in 48ms
 GET /recruitment/api/rec/events?limit=10 200 in 59ms
 GET /recruitment/api/rec/events?limit=10 200 in 115ms
 GET /recruitment/api/rec/events?limit=10 200 in 53ms
 GET /recruitment/api/rec/events?limit=10 200 in 62ms
 GET /recruitment/api/rec/events?limit=10 200 in 49ms
 GET /recruitment/api/rec/events?limit=10 200 in 47ms
 GET /recruitment/api/rec/events?limit=10 200 in 63ms
 GET /recruitment/api/rec/events?limit=10 200 in 44ms
 GET /recruitment/api/rec/events?limit=10 200 in 43ms
 GET /recruitment/api/rec/events?limit=10 200 in 58ms
 GET /recruitment/api/rec/events?limit=10 200 in 48ms
 GET /recruitment/api/rec/events?limit=10 200 in 48ms
 GET /recruitment/api/rec/events?limit=10 200 in 52ms
 GET /recruitment/api/rec/events?limit=10 200 in 48ms
 GET /recruitment/api/rec/events?limit=10 200 in 42ms
 GET /recruitment/api/rec/events?limit=10 200 in 155ms
 GET /recruitment/api/rec/events?limit=10 200 in 53ms
 GET /login 200 in 43ms
 ✓ Compiled /api/auth/google/start in 175ms (375 modules)
 GET /recruitment/api/auth/google/start 307 in 227ms
 ✓ Compiled /api/auth/callback/google in 59ms (378 modules)
 GET /recruitment/api/auth/callback/google?state=1767680135038-a7da2ac67aab8&code=4%2F0ATX87lPdfvidMNA5ziS5-eEd8W234fPKUrzWIPnrPYCAif0xkvhqYpswDvDAMWmEZ5WNhQ&scope=email+profile+openid+https%3A%2F%2Fwww.googleapis.com%2Fauth%2Fuserinfo.email+https%3A%2F%2Fwww.googleapis.com%2Fauth%2Fuserinfo.profile&authuser=0&hd=studiolotus.in&prompt=none 307 in 423ms
 ✓ Compiled /dashboard in 338ms (727 modules)
 ✓ Compiled in 165ms (335 modules)
 ✓ Compiled /api/rec/candidates in 101ms (395 modules)
 ✓ Compiled (405 modules)
 GET /recruitment/api/auth/me 200 in 692ms
 GET /recruitment/api/rec/events?limit=10 200 in 700ms
 GET /recruitment/api/rec/offers 200 in 710ms
 GET /recruitment/api/auth/me 200 in 671ms
 GET /recruitment/api/auth/me 200 in 376ms
 GET /recruitment/api/rec/candidates 200 in 677ms
 GET /recruitment/api/rec/openings 200 in 677ms
 GET /recruitment/api/rec/candidates 200 in 382ms
 GET /candidates?_rsc=1sfcp 200 in 809ms
 GET /recruitment/api/rec/openings 200 in 390ms
 GET /recruitment/api/rec/dashboard?stuck_days=5 200 in 740ms
 GET /candidates?_rsc=1sfcp 200 in 704ms
 ○ Compiling /_error ...
 ✓ Compiled /_error in 1173ms (966 modules)
 GET /dashboard 500 in 2709ms
 GET /recruitment/api/auth/me 200 in 264ms
 GET /recruitment/api/rec/candidates 200 in 270ms
 GET /recruitment/api/rec/candidates 200 in 215ms
 GET /recruitment/api/auth/me 200 in 222ms
 GET /recruitment/api/auth/me 200 in 183ms
 GET /recruitment/api/rec/openings 200 in 283ms
 GET /recruitment/api/rec/candidates 200 in 188ms
 GET /recruitment/api/rec/openings 200 in 230ms
 GET /candidates?_rsc=1sfcp 200 in 855ms
 GET /candidates?_rsc=1sfcp 200 in 271ms
 GET /recruitment/api/rec/openings 200 in 208ms
 GET /candidates?_rsc=1sfcp 200 in 240ms
 GET /recruitment/api/rec/events?limit=10 200 in 46ms
 ✓ Compiled in 352ms (936 modules)
 ✓ Compiled /api/rec/candidates in 78ms (417 modules)
 ✓ Compiled (421 modules)
 GET /recruitment/api/auth/me 200 in 335ms
 GET /recruitment/api/rec/candidates 200 in 340ms
 GET /recruitment/api/rec/openings 200 in 357ms
 GET /candidates?_rsc=1sfcp 200 in 393ms
 ✓ Compiled in 300ms (942 modules)
 GET /recruitment/api/auth/me 200 in 98ms
 GET /recruitment/api/rec/candidates 200 in 105ms
 GET /recruitment/api/rec/openings 200 in 125ms
 GET /candidates?_rsc=1sfcp 200 in 177ms
 ✓ Compiled in 557ms (940 modules)
 GET /recruitment/api/auth/me 200 in 94ms
 GET /recruitment/api/rec/candidates 200 in 101ms
 GET /recruitment/api/rec/openings 200 in 120ms
 GET /candidates?_rsc=1sfcp 200 in 157ms
 GET /login 200 in 75ms
 ✓ Compiled in 341ms (906 modules)
 ✓ Compiled /api/rec/openings in 109ms (415 modules)
 ✓ Compiled (419 modules)
 GET /recruitment/api/auth/me 200 in 379ms
 GET /recruitment/api/rec/candidates 200 in 384ms
 GET /recruitment/api/rec/openings 200 in 412ms
 GET /candidates?_rsc=1sfcp 200 in 502ms
 GET /login 200 in 87ms
 ✓ Compiled in 233ms (940 modules)
 GET /recruitment/api/auth/me 200 in 124ms
 GET /recruitment/api/rec/candidates 200 in 128ms
 GET /recruitment/api/rec/openings 200 in 143ms
 GET /candidates?_rsc=1sfcp 200 in 198ms
