
> frontend@0.1.0 dev
> next dev

  ▲ Next.js 14.2.35
  - Local:        http://localhost:3003

 ✓ Starting...
 ✓ Ready in 1133ms
 ✓ Compiled /favicon.ico in 245ms (57 modules)
 GET /favicon.ico 200 in 343ms
 GET /favicon.ico 200 in 6ms
 ○ Compiling / ...
 ✓ Compiled / in 1136ms (487 modules)
 GET / 200 in 1339ms
 ✓ Compiled in 159ms (237 modules)
 GET / 200 in 47ms
 ✓ Compiled /favicon.ico in 88ms (282 modules)
 GET /favicon.ico 200 in 142ms
 GET / 200 in 61ms
 GET / 200 in 49ms
 GET / 200 in 68ms
 GET / 200 in 54ms
